<?xml version="1.0" encoding="UTF-8"?>
<!-- Generated by org.testng.reporters.JUnitReportReporter -->
<testsuite hostname="Macs-MacBook-Pro.local" failures="0" tests="6" name="TestNGDemo.GroupingDemo" time="0.021" errors="0" timestamp="2024-03-03T17:21:43 IST" skipped="0">
  <testcase classname="TestNGDemo.GroupingDemo" name="loginByEmail" time="0.014"/>
  <system-out/>
  <testcase classname="TestNGDemo.GroupingDemo" name="signupbyemail" time="0.002"/>
  <system-out/>
  <testcase classname="TestNGDemo.GroupingDemo" name="signupbyfacebook" time="0.002"/>
  <system-out/>
  <testcase classname="TestNGDemo.GroupingDemo" name="signupbytwitter" time="0.000"/>
  <system-out/>
  <testcase classname="TestNGDemo.GroupingDemo" name="paymentinrupees" time="0.002"/>
  <system-out/>
  <testcase classname="TestNGDemo.GroupingDemo" name="paymentReturnbyBank" time="0.001"/>
  <system-out/>
</testsuite> <!-- TestNGDemo.GroupingDemo -->
