<?xml version="1.0" encoding="UTF-8"?>
<!-- Generated by org.testng.reporters.JUnitReportReporter -->
<testsuite hostname="Macs-MacBook-Pro.local" failures="0" tests="2" name="TestNGDemo.FirstTest" time="0.013" errors="0" timestamp="2024-03-02T16:49:26 IST" skipped="0">
  <testcase classname="TestNGDemo.FirstTest" name="one" time="0.012"/>
  <system-out/>
  <testcase classname="TestNGDemo.FirstTest" name="two" time="0.001"/>
  <system-out/>
</testsuite> <!-- TestNGDemo.FirstTest -->
