<?xml version="1.0" encoding="UTF-8"?>
<!-- Generated by org.testng.reporters.JUnitReportReporter -->
<testsuite hostname="Macs-MacBook-Pro.local" failures="0" tests="4" name="TestNGDemo.ParamTest" time="1.095" errors="0" timestamp="2024-03-03T17:31:40 IST" skipped="0">
  <testcase classname="TestNGDemo.ParamTest" name="testLogo" time="0.118"/>
  <system-out/>
  <testcase classname="TestNGDemo.ParamTest" name="testLogo" time="0.954"/>
  <system-out/>
  <testcase classname="TestNGDemo.ParamTest" name="testHomePageTitle" time="0.009"/>
  <system-out/>
  <testcase classname="TestNGDemo.ParamTest" name="testHomePageTitle" time="0.014"/>
  <system-out/>
</testsuite> <!-- TestNGDemo.ParamTest -->
