<?xml version="1.0" encoding="UTF-8"?>
<!-- Generated by org.testng.reporters.JUnitReportReporter -->
<testsuite hostname="Macs-MacBook-Pro.local" failures="0" tests="2" name="Pack1.class2" time="0.037" errors="0" timestamp="2024-03-03T17:02:46 IST" skipped="0">
  <testcase classname="Pack1.class2" name="xyz" time="0.001"/>
  <system-out/>
  <testcase classname="Pack1.class2" name="xyz" time="0.036"/>
  <system-out/>
</testsuite> <!-- Pack1.class2 -->
