<?xml version="1.0" encoding="UTF-8"?>
<!-- Generated by org.testng.reporters.JUnitReportReporter -->
<testsuite hostname="Macs-MacBook-Pro.local" failures="0" tests="10" name="TestNGDemo.InvocationCountDemo" time="0.031" errors="0" timestamp="2024-03-03T17:25:52 IST" skipped="0">
  <testcase classname="TestNGDemo.InvocationCountDemo" name="test" time="0.005"/>
  <system-out/>
  <testcase classname="TestNGDemo.InvocationCountDemo" name="test" time="0.002"/>
  <system-out/>
  <testcase classname="TestNGDemo.InvocationCountDemo" name="test" time="0.008"/>
  <system-out/>
  <testcase classname="TestNGDemo.InvocationCountDemo" name="test" time="0.001"/>
  <system-out/>
  <testcase classname="TestNGDemo.InvocationCountDemo" name="test" time="0.005"/>
  <system-out/>
  <testcase classname="TestNGDemo.InvocationCountDemo" name="test" time="0.003"/>
  <system-out/>
  <testcase classname="TestNGDemo.InvocationCountDemo" name="test" time="0.002"/>
  <system-out/>
  <testcase classname="TestNGDemo.InvocationCountDemo" name="test" time="0.003"/>
  <system-out/>
  <testcase classname="TestNGDemo.InvocationCountDemo" name="test" time="0.001"/>
  <system-out/>
  <testcase classname="TestNGDemo.InvocationCountDemo" name="test" time="0.001"/>
  <system-out/>
</testsuite> <!-- TestNGDemo.InvocationCountDemo -->
