<?xml version="1.0" encoding="UTF-8"?>
<!-- Generated by org.testng.reporters.JUnitReportReporter -->
<testsuite hostname="Macs-MacBook-Pro.local" failures="0" tests="2" name="TestNGDemo.AllAnnotations" time="0.046" errors="0" timestamp="2024-03-03T16:32:08 IST" skipped="0">
  <testcase classname="TestNGDemo.AllAnnotations" name="tm1" time="0.042"/>
  <system-out/>
  <testcase classname="TestNGDemo.AllAnnotations" name="tm2" time="0.004"/>
  <system-out/>
</testsuite> <!-- TestNGDemo.AllAnnotations -->
