<?xml version="1.0" encoding="UTF-8"?>
<!-- Generated by org.testng.reporters.JUnitReportReporter -->
<testsuite hostname="Macs-MacBook-Pro.local" failures="0" tests="3" name="TestNGDemo.ThridTestCase" time="0.015" errors="0" timestamp="2024-03-02T16:56:17 IST" skipped="0">
  <testcase classname="TestNGDemo.ThridTestCase" name="test2" time="0.011"/>
  <system-out/>
  <testcase classname="TestNGDemo.ThridTestCase" name="test1" time="0.001"/>
  <system-out/>
  <testcase classname="TestNGDemo.ThridTestCase" name="test3" time="0.003"/>
  <system-out/>
</testsuite> <!-- TestNGDemo.ThridTestCase -->
