<?xml version="1.0" encoding="UTF-8"?>
<!-- Generated by org.testng.reporters.JUnitReportReporter -->
<testsuite hostname="Macs-MacBook-Pro.local" failures="0" tests="2" name="TestNGDemo.SecondTest" time="8.039" errors="0" timestamp="2024-03-02T17:11:13 IST" skipped="0">
  <testcase classname="TestNGDemo.SecondTest" name="login" time="7.925"/>
  <system-out/>
  <testcase classname="TestNGDemo.SecondTest" name="closeApp" time="0.114"/>
  <system-out/>
</testsuite> <!-- TestNGDemo.SecondTest -->
