<?xml version="1.0" encoding="UTF-8"?>
<!-- Generated by org.testng.reporters.JUnitReportReporter -->
<testsuite hostname="Macs-MacBook-Pro.local" failures="0" tests="1" name="TestNGDemo.HardVsSoftAssertions" time="0.017" errors="0" timestamp="2024-03-03T16:51:20 IST" skipped="0">
  <testcase classname="TestNGDemo.HardVsSoftAssertions" name="test_softassertions" time="0.017"/>
  <system-out/>
</testsuite> <!-- TestNGDemo.HardVsSoftAssertions -->
