<?xml version="1.0" encoding="UTF-8"?>
<!-- Generated by org.testng.reporters.JUnitReportReporter -->
<testsuite hostname="Macs-MacBook-Pro.local" failures="0" tests="2" name="POM.LoginTest" time="1.934" errors="0" timestamp="2023-12-26T13:18:50 IST" skipped="0">
  <testcase classname="POM.LoginTest" name="testLogo" time="0.014"/>
  <system-out/>
  <testcase classname="POM.LoginTest" name="testLogin" time="1.920"/>
  <system-out/>
</testsuite> <!-- POM.LoginTest -->
