<?xml version="1.0" encoding="UTF-8"?>
<!-- Generated by org.testng.reporters.JUnitReportReporter -->
<testsuite hostname="Macs-MacBook-Pro.local" failures="0" tests="2" name="TestNGDemo.AnnotationsDemo2" time="0.010" errors="0" timestamp="2024-03-03T16:28:39 IST" skipped="0">
  <testcase classname="TestNGDemo.AnnotationsDemo2" name="search" time="0.008"/>
  <system-out/>
  <testcase classname="TestNGDemo.AnnotationsDemo2" name="advacedsearch" time="0.002"/>
  <system-out/>
</testsuite> <!-- TestNGDemo.AnnotationsDemo2 -->
