<?xml version="1.0" encoding="UTF-8"?>
<!-- Generated by org.testng.reporters.JUnitReportReporter -->
<testsuite hostname="Macs-MacBook-Pro.local" failures="0" tests="2" name="TestNGDemo.AnnotationsDemo1" time="0.017" errors="0" timestamp="2024-03-03T16:25:10 IST" skipped="0">
  <testcase classname="TestNGDemo.AnnotationsDemo1" name="search" time="0.016"/>
  <system-out/>
  <testcase classname="TestNGDemo.AnnotationsDemo1" name="advacedsearch" time="0.001"/>
  <system-out/>
</testsuite> <!-- TestNGDemo.AnnotationsDemo1 -->
